<?xml version="1.0" encoding="UTF-8"?>
<testng-results ignored="0" total="5" passed="5" failed="0" skipped="0">
  <reporter-output>
  </reporter-output>
  <suite started-at="2022-05-07T13:55:59 IST" name="Default suite" finished-at="2022-05-07T13:56:00 IST" duration-ms="54">
    <groups>
    </groups>
    <test started-at="2022-05-07T13:55:59 IST" name="Default test" finished-at="2022-05-07T13:56:00 IST" duration-ms="54">
      <class name="Day60TestNg.Example_Param1">
        <test-method signature="param1()[pri:0, instance:Day60TestNg.Example_Param1@346d61be]" started-at="2022-05-07T13:55:59 IST" name="param1" finished-at="2022-05-07T13:55:59 IST" duration-ms="7" status="PASS">
          <reporter-output>
          </reporter-output>
        </test-method> <!-- param1 -->
        <test-method signature="param1()[pri:0, instance:Day60TestNg.Example_Param1@346d61be]" started-at="2022-05-07T13:55:59 IST" name="param1" finished-at="2022-05-07T13:55:59 IST" duration-ms="1" status="PASS">
          <reporter-output>
          </reporter-output>
        </test-method> <!-- param1 -->
        <test-method signature="param1()[pri:0, instance:Day60TestNg.Example_Param1@346d61be]" started-at="2022-05-07T13:56:00 IST" name="param1" finished-at="2022-05-07T13:56:00 IST" duration-ms="2" status="PASS">
          <reporter-output>
          </reporter-output>
        </test-method> <!-- param1 -->
        <test-method signature="param1()[pri:0, instance:Day60TestNg.Example_Param1@346d61be]" started-at="2022-05-07T13:56:00 IST" name="param1" finished-at="2022-05-07T13:56:00 IST" duration-ms="1" status="PASS">
          <reporter-output>
          </reporter-output>
        </test-method> <!-- param1 -->
        <test-method signature="param1()[pri:0, instance:Day60TestNg.Example_Param1@346d61be]" started-at="2022-05-07T13:56:00 IST" name="param1" finished-at="2022-05-07T13:56:00 IST" duration-ms="1" status="PASS">
          <reporter-output>
          </reporter-output>
        </test-method> <!-- param1 -->
      </class> <!-- Day60TestNg.Example_Param1 -->
    </test> <!-- Default test -->
  </suite> <!-- Default suite -->
</testng-results>
