<?xml version="1.0" encoding="UTF-8"?>
<!-- Generated by org.testng.reporters.JUnitXMLReporter -->
<testsuite ignored="0" hostname="LAPTOP-ULPD36QI" failures="0" tests="5" name="Default test" time="0.054" errors="0" timestamp="2022-05-07T13:56:00 IST">
  <testcase classname="Day60TestNg.Example_Param1" name="param1" time="0.007"/>
  <testcase classname="Day60TestNg.Example_Param1" name="param1" time="0.001"/>
  <testcase classname="Day60TestNg.Example_Param1" name="param1" time="0.002"/>
  <testcase classname="Day60TestNg.Example_Param1" name="param1" time="0.001"/>
  <testcase classname="Day60TestNg.Example_Param1" name="param1" time="0.001"/>
</testsuite> <!-- Default test -->
